1 1 0
1 2 0
1 3 0
1 4 0
1 5 0
1 6 0
1 7 0
1 8 0
1 9 0
1 10 0
1 11 0
1 12 0
1 13 0
1 14 0
2 1 0
2 2 1
2 3 0
2 4 0
2 5 0
2 6 0
2 7 0
2 8 0
2 9 0
2 10 0
2 11 0
2 12 0
2 13 0
2 14 0
3 1 0
3 2 1
3 3 1
3 4 0
3 5 1
3 6 0
3 7 0
3 8 0
3 9 0
3 10 0
3 11 0
3 12 0
3 13 0
3 14 0
4 1 0
4 2 1
4 3 1
4 4 1
4 5 1
4 6 1
4 7 1
4 8 0
4 9 1
4 10 0
4 11 0
4 12 0
4 13 0
4 14 0
5 1 0
5 2 1
5 3 1
5 4 1
5 5 2
5 6 1
5 7 2
5 8 1
5 9 2
5 10 1
5 11 1
5 12 1
5 13 0
5 14 1
6 1 0
6 2 1
6 3 1
6 4 1
6 5 2
6 6 2
6 7 2
6 8 2
6 9 3
6 10 2
6 11 3
6 12 2
6 13 2
6 14 2
7 1 0
7 2 1
7 3 1
7 4 1
7 5 2
7 6 2
7 7 3
7 8 2
7 9 4
7 10 3
7 11 4
7 12 4
7 13 4
7 14 4
4
